2023-09-10 18:08:48 - ingest_roof: Staging roof_7.json
2023-09-10 18:08:48 - ingest_roof: Fixed roof_6.json and staging as roof_7.json
2023-09-10 18:08:48 - ingest_roof: Staging roof_1.json
2023-09-10 18:08:48 - ingest_roof: Staging roof_3.json
2023-09-10 18:08:48 - ingest_roof: Fixed roof_2.json and staging as roof_3.json
2023-09-10 18:08:48 - ingest_roof: Staging roof_10.json
2023-09-10 18:08:48 - ingest_roof: The file, roof_9.json, contains malformed JSON; skipping this file.
2023-09-10 18:08:48 - ingest_roof: Please reach out to the upstream team and have this fixed!
2023-09-10 18:08:48 - ingest_roof: Expecting property name enclosed in double quotes: line 1 column 21854 (char 21853)
2023-09-10 18:08:48 - ingest_roof: Staging roof_5.json
2023-09-10 18:08:48 - ingest_roof: Staging roof_4.json
2023-09-10 18:08:48 - ingest_roof: Staging roof_8.json
2023-09-10 18:08:49 - ingest_roof: All JSON files have been staged.
2023-09-10 18:08:54 - ingest_roof: 1: Preparing to read roof_6_fixed.json
2023-09-10 18:08:54 - ingest_roof: 2: Preparing to read roof_7.json
2023-09-10 18:08:54 - ingest_roof: 3: Preparing to read roof_1.json
2023-09-10 18:08:54 - ingest_roof: 4: Preparing to read roof_3.json
2023-09-10 18:08:54 - ingest_roof: 5: Preparing to read roof_2_fixed.json
2023-09-10 18:08:54 - ingest_roof: 6: Preparing to read roof_10.json
2023-09-10 18:08:55 - ingest_roof: 7: Preparing to read roof_5.json
2023-09-10 18:08:55 - ingest_roof: 8: Preparing to read roof_4.json
2023-09-10 18:08:55 - ingest_roof: 9: Preparing to read roof_8.json
2023-09-10 18:08:58 - ingest_roof: Writing out data to 1_roof
2023-09-10 18:09:01 - ingest_roof: Writing out data to 2_building_mounting_plane
2023-09-10 18:09:03 - ingest_roof: Writing out data to 3_building_mounting_plane_penetration
2023-09-10 18:09:04 - ingest_roof: Writing out data to 4_building_mounting_plane_penetration_ring_edge
2023-09-10 18:09:05 - ingest_roof: Writing out data to 5_building_mounting_plane_polygon_exterior_ring
2023-09-10 18:09:06 - ingest_roof: Writing out data to 6_building_mounting_plane_polygon_interior_ring_edge
2023-09-10 18:09:07 - ingest_roof: Writing out data to 7_site_model_obstruction
2023-09-10 18:09:08 - ingest_roof: Writing out data to 8_site_model_obstruction_ring_edge
2023-09-10 18:09:08 - ingest_roof: All data has been written successfully.
2023-09-10 18:09:08 - ingest_roof: Total execution time: 21.85 seconds.
